Using pre-set license
Built from '2020.3/staging' branch; Version is '2020.3.10f1 (297d780c91bc) revision 2719096'; Using compiler version '192528614'; Build Type 'Release'
OS: 'Windows 10 Pro; OS build 19044.1645; Version 2009; 64bit' Language: 'es' Physical Memory: 16301 MB
BatchMode: 1, IsHumanControllingUs: 0, StartBugReporterOnCrash: 0, Is64bit: 1, IsPro: 0

 COMMAND LINE ARGUMENTS:
C:\Program Files\Unity\Hub\Editor\2020.3.10f1\Editor\Unity.exe
-adb2
-batchMode
-noUpm
-name
AssetImportWorker0
-projectPath
C:/Users/gonch/Documents/GitHub/Facultad/19Abril/Clase 19 de Abril
-logFile
Logs/AssetImportWorker0.log
-srvPort
57479
Successfully changed project path to: C:/Users/gonch/Documents/GitHub/Facultad/19Abril/Clase 19 de Abril
C:/Users/gonch/Documents/GitHub/Facultad/19Abril/Clase 19 de Abril
Using Asset Import Pipeline V2.
Refreshing native plugins compatible for Editor in 32.31 ms, found 3 plugins.
Preloading 0 native plugins for Editor in 0.00 ms.
Initialize engine version: 2020.3.10f1 (297d780c91bc)
[Subsystems] Discovering subsystems at path C:/Program Files/Unity/Hub/Editor/2020.3.10f1/Editor/Data/Resources/UnitySubsystems
[Subsystems] Discovering subsystems at path C:/Users/gonch/Documents/GitHub/Facultad/19Abril/Clase 19 de Abril/Assets
GfxDevice: creating device client; threaded=0
Direct3D:
    Version:  Direct3D 11.0 [level 11.1]
    Renderer: NVIDIA GeForce GTX 1060 6GB (ID=0x1c03)
    Vendor:   
    VRAM:     6052 MB
    Driver:   30.0.14.9729
Initialize mono
Mono path[0] = 'C:/Program Files/Unity/Hub/Editor/2020.3.10f1/Editor/Data/Managed'
Mono path[1] = 'C:/Program Files/Unity/Hub/Editor/2020.3.10f1/Editor/Data/MonoBleedingEdge/lib/mono/unityjit'
Mono config path = 'C:/Program Files/Unity/Hub/Editor/2020.3.10f1/Editor/Data/MonoBleedingEdge/etc'
Using monoOptions --debugger-agent=transport=dt_socket,embedding=1,server=y,suspend=n,address=127.0.0.1:56848
Begin MonoManager ReloadAssembly
Registering precompiled unity dll's ...
Register platform support module: C:/Program Files/Unity/Hub/Editor/2020.3.10f1/Editor/Data/PlaybackEngines/WindowsStandaloneSupport/UnityEditor.WindowsStandalone.Extensions.dll
Registered in 0.002439 seconds.
Native extension for WindowsStandalone target not found
Refreshing native plugins compatible for Editor in 29.05 ms, found 3 plugins.
Preloading 0 native plugins for Editor in 0.00 ms.
Mono: successfully reloaded assembly
- Completed reload, in  1.308 seconds
Platform modules already initialized, skipping
Registering precompiled user dll's ...
Registered in 0.006327 seconds.
Begin MonoManager ReloadAssembly
Native extension for WindowsStandalone target not found
Refreshing native plugins compatible for Editor in 27.55 ms, found 3 plugins.
Preloading 0 native plugins for Editor in 0.00 ms.
Mono: successfully reloaded assembly
- Completed reload, in  0.779 seconds
Platform modules already initialized, skipping
========================================================================
Worker process is ready to serve import requests
Launched and connected shader compiler UnityShaderCompiler.exe after 0.04 seconds
Refreshing native plugins compatible for Editor in 0.51 ms, found 3 plugins.
Preloading 0 native plugins for Editor in 0.00 ms.
Unloading 2089 Unused Serialized files (Serialized files now loaded: 0)
System memory in use before: 93.1 MB.
System memory in use after: 93.0 MB.

Unloading 33 unused Assets to reduce memory usage. Loaded Objects now: 2523.
Total: 2.167800 ms (FindLiveObjects: 0.262400 ms CreateObjectMapping: 0.064100 ms MarkObjects: 1.733200 ms  DeleteObjects: 0.107200 ms)

========================================================================
Received Import Request.
  path: Assets/Script/Clase 19-04/Testeo.cs
  artifactKey: Guid(4f10b1cb727fbb14ea957b74d1fd4bb0) Importer(815301076,1909f56bfc062723c751e8b465ee728b)
Start importing Assets/Script/Clase 19-04/Testeo.cs using Guid(4f10b1cb727fbb14ea957b74d1fd4bb0) Importer(815301076,1909f56bfc062723c751e8b465ee728b)  -> (artifact id: '53e28b76ad2a19f5cd6e0d8a94c93e17') in 0.022383 seconds
  Import took 0.030476 seconds .

========================================================================
Received Import Request.
  Time since last request: 1.852772 seconds.
  path: Assets/Script/Clase 19-04/Testeo.cs
  artifactKey: Guid(4f10b1cb727fbb14ea957b74d1fd4bb0) Importer(815301076,1909f56bfc062723c751e8b465ee728b)
Start importing Assets/Script/Clase 19-04/Testeo.cs using Guid(4f10b1cb727fbb14ea957b74d1fd4bb0) Importer(815301076,1909f56bfc062723c751e8b465ee728b)  -> (artifact id: '99e606eac1f0e01dd0c7ca16ebeb4316') in 0.002141 seconds
  Import took 0.005448 seconds .

========================================================================
Received Import Request.
  Time since last request: 3.637113 seconds.
  path: Assets/Script/Clase 19-04/Testeo.cs
  artifactKey: Guid(4f10b1cb727fbb14ea957b74d1fd4bb0) Importer(815301076,1909f56bfc062723c751e8b465ee728b)
Start importing Assets/Script/Clase 19-04/Testeo.cs using Guid(4f10b1cb727fbb14ea957b74d1fd4bb0) Importer(815301076,1909f56bfc062723c751e8b465ee728b)  -> (artifact id: 'fc50b569fa3b14a88a018e8bd526c124') in 0.002475 seconds
  Import took 0.005418 seconds .

========================================================================
Received Import Request.
  Time since last request: 18.948265 seconds.
  path: Assets/Script/Clase 19-04/Testeo.cs
  artifactKey: Guid(4f10b1cb727fbb14ea957b74d1fd4bb0) Importer(815301076,1909f56bfc062723c751e8b465ee728b)
Start importing Assets/Script/Clase 19-04/Testeo.cs using Guid(4f10b1cb727fbb14ea957b74d1fd4bb0) Importer(815301076,1909f56bfc062723c751e8b465ee728b)  -> (artifact id: '0b4b367c319e6ce1c7a4af2b2154b0bb') in 0.002077 seconds
  Import took 0.004909 seconds .

========================================================================
Received Prepare
Registering precompiled user dll's ...
Registered in 0.005282 seconds.
Begin MonoManager ReloadAssembly
Native extension for WindowsStandalone target not found
Refreshing native plugins compatible for Editor in 0.45 ms, found 3 plugins.
Preloading 0 native plugins for Editor in 0.00 ms.
Mono: successfully reloaded assembly
- Completed reload, in  0.703 seconds
Platform modules already initialized, skipping
Refreshing native plugins compatible for Editor in 0.40 ms, found 3 plugins.
Preloading 0 native plugins for Editor in 0.00 ms.
Unloading 2084 Unused Serialized files (Serialized files now loaded: 0)
System memory in use before: 93.0 MB.
System memory in use after: 93.0 MB.

Unloading 21 unused Assets to reduce memory usage. Loaded Objects now: 2527.
Total: 2.148500 ms (FindLiveObjects: 0.178900 ms CreateObjectMapping: 0.059800 ms MarkObjects: 1.834200 ms  DeleteObjects: 0.074700 ms)

========================================================================
Received Prepare
Registering precompiled user dll's ...
Registered in 0.005333 seconds.
Begin MonoManager ReloadAssembly
Native extension for WindowsStandalone target not found
Refreshing native plugins compatible for Editor in 0.51 ms, found 3 plugins.
Preloading 0 native plugins for Editor in 0.00 ms.
Mono: successfully reloaded assembly
- Completed reload, in  0.694 seconds
Platform modules already initialized, skipping
Refreshing native plugins compatible for Editor in 0.43 ms, found 3 plugins.
Preloading 0 native plugins for Editor in 0.00 ms.
Unloading 2084 Unused Serialized files (Serialized files now loaded: 0)
System memory in use before: 93.1 MB.
System memory in use after: 93.0 MB.

Unloading 21 unused Assets to reduce memory usage. Loaded Objects now: 2531.
Total: 2.122700 ms (FindLiveObjects: 0.181700 ms CreateObjectMapping: 0.060400 ms MarkObjects: 1.804200 ms  DeleteObjects: 0.075900 ms)

AssetImportWorkerClient::OnTransportError - code=2 error=End of file
